Arguments: 
  /usr/local/bin/node /usr/local/bin/yarn add webpack webpack-cli --save-dev

PATH: 
  /Users/wangyao/.deno/bin:/usr/local/bin:/usr/bin:/bin:/usr/sbin:/sbin:/Users/wangyao/.deno/bin

Yarn version: 
  1.22.5

Node version: 
  14.0.0

Platform: 
  darwin x64

Trace: 
  Error [ERR_TLS_CERT_ALTNAME_INVALID]: Hostname/IP does not match certificate's altnames: Host: registry.cnpmjs.org. is not in the cert's altnames: DNS:r.cnpmjs.org
      at Object.checkServerIdentity (tls.js:287:12)
      at TLSSocket.onConnectSecure (_tls_wrap.js:1495:27)
      at TLSSocket.emit (events.js:315:20)
      at TLSSocket._finishInit (_tls_wrap.js:928:8)
      at TLSWrap.ssl.onhandshakedone (_tls_wrap.js:686:12)

npm manifest: 
  {
      "name": "jsx",
      "version": "1.0.0",
      "description": "",
      "main": "index.js",
      "scripts": {
          "dev": "webpack -- ./webpack.config.js"
        },
      "author": "",
      "license": "ISC",
      "devDependencies": {
        "@babel/core": "7.12.3",
        "@babel/plugin-transform-react-jsx": "7.12.1",
        "@babel/preset-env": "7.12.1",
        "babel-loader": "8.1.0",
        "webpack": "^4.44.1",
        "webpack-cli": "3.3.12",
        "webpack-dev-server": "3.11.0"
      }
    }

yarn manifest: 
  No manifest

Lockfile: 
  No lockfile
